<?xml version="1.0" encoding="UTF-8"?>
<testsuite xmlns:xsi="http://www.w3.org/2001/XMLSchema-instance" xsi:schemaLocation="https://maven.apache.org/surefire/maven-surefire-plugin/xsd/surefire-test-report.xsd" name="com.test.class12.VIP1905JavaMavenTest.Plus_sumDoubleTest" time="0.02" tests="6" errors="1" skipped="0" failures="5">
  <properties>
[...]
</properties>
  <testcase name="testSum[测试Plus_DoubleSum_左边界-1测试]" classname="com.test.class12.VIP1905JavaMavenTest.Plus_sumDoubleTest" time="0.007">
    <failure message="数据相加测试 expected:&lt;-2147483648&gt; but was:&lt;-2.147483648E9&gt;" type="java.lang.AssertionError"><![CDATA[java.lang.AssertionError: 数据相加测试 expected:<-2147483648> but was:<-2.147483648E9>
	at com.test.class12.VIP1905JavaMavenTest.Plus_sumDoubleTest.testSum(Plus_sumDoubleTest.java:64)
]]></failure>
    <system-out><![CDATA[-----------------------------------被测类实例化成功-----------------------------------
-----------------------------------TestStarting-----------------------------------
-2.147483648E9
-----------------------------------TestEnding-------------------------------------
]]></system-out>
  </testcase>
  <testcase name="testSum[测试Plus_DoubleSum_左边界+0测试]" classname="com.test.class12.VIP1905JavaMavenTest.Plus_sumDoubleTest" time="0.001">
    <failure message="数据相加测试 expected:&lt;-2147483648&gt; but was:&lt;-2.147483648E9&gt;" type="java.lang.AssertionError"><![CDATA[java.lang.AssertionError: 数据相加测试 expected:<-2147483648> but was:<-2.147483648E9>
	at com.test.class12.VIP1905JavaMavenTest.Plus_sumDoubleTest.testSum(Plus_sumDoubleTest.java:64)
]]></failure>
    <system-out><![CDATA[-----------------------------------TestStarting-----------------------------------
-2.147483648E9
-----------------------------------TestEnding-------------------------------------
]]></system-out>
  </testcase>
  <testcase name="testSum[测试Plus_DoubleSum_左边界+1测试]" classname="com.test.class12.VIP1905JavaMavenTest.Plus_sumDoubleTest" time="0.001">
    <failure message="数据相加测试 expected:&lt;-2147483647&gt; but was:&lt;-2.147483647E9&gt;" type="java.lang.AssertionError"><![CDATA[java.lang.AssertionError: 数据相加测试 expected:<-2147483647> but was:<-2.147483647E9>
	at com.test.class12.VIP1905JavaMavenTest.Plus_sumDoubleTest.testSum(Plus_sumDoubleTest.java:64)
]]></failure>
    <system-out><![CDATA[-----------------------------------TestStarting-----------------------------------
-2.147483647E9
-----------------------------------TestEnding-------------------------------------
]]></system-out>
  </testcase>
  <testcase name="testSum[测试Plus_DoubleSum_正常值-2测试]" classname="com.test.class12.VIP1905JavaMavenTest.Plus_sumDoubleTest" time="0.001">
    <failure message="数据相加测试 expected:&lt;-2&gt; but was:&lt;-2.0&gt;" type="java.lang.AssertionError"><![CDATA[java.lang.AssertionError: 数据相加测试 expected:<-2> but was:<-2.0>
	at com.test.class12.VIP1905JavaMavenTest.Plus_sumDoubleTest.testSum(Plus_sumDoubleTest.java:64)
]]></failure>
    <system-out><![CDATA[-----------------------------------TestStarting-----------------------------------
-2.0
-----------------------------------TestEnding-------------------------------------
]]></system-out>
  </testcase>
  <testcase name="testSum[测试Plus_DoubleSum_均为值0测试]" classname="com.test.class12.VIP1905JavaMavenTest.Plus_sumDoubleTest" time="0.003">
    <failure message="数据相加测试 expected:&lt;0&gt; but was:&lt;0.0&gt;" type="java.lang.AssertionError"><![CDATA[java.lang.AssertionError: 数据相加测试 expected:<0> but was:<0.0>
	at com.test.class12.VIP1905JavaMavenTest.Plus_sumDoubleTest.testSum(Plus_sumDoubleTest.java:64)
]]></failure>
    <system-out><![CDATA[-----------------------------------TestStarting-----------------------------------
0.0
-----------------------------------TestEnding-------------------------------------
]]></system-out>
  </testcase>
  <testcase name="testSum[测试Plus_DoubleSum_均为空值null测试]" classname="com.test.class12.VIP1905JavaMavenTest.Plus_sumDoubleTest" time="0.002">
    <error message="wrong number of arguments" type="java.lang.IllegalArgumentException">java.lang.IllegalArgumentException: wrong number of arguments
</error>
  </testcase>
</testsuite>