<?xml version="1.0" encoding="UTF-8"?>
<testsuite xmlns:xsi="http://www.w3.org/2001/XMLSchema-instance" xsi:schemaLocation="https://maven.apache.org/surefire/maven-surefire-plugin/xsd/surefire-test-report.xsd" name="com.test.class12.VIP1905JavaMavenTest.Plus_sumDoubleTest" time="0.02" tests="6" errors="1" skipped="0" failures="5">
  <properties>
    <property name="java.runtime.name" value="Java(TM) SE Runtime Environment"/>
    <property name="java.vm.version" value="12.0.1+12"/>
    <property name="sun.boot.library.path" value="D:\Java\jdk-12.0.1\bin"/>
    <property name="maven.multiModuleProjectDirectory" value="D:\eclipse-MavenProjects\VIP1905JavaMavenTest"/>
    <property name="java.vm.vendor" value="Oracle Corporation"/>
    <property name="java.vendor.url" value="https://java.oracle.com/"/>
    <property name="guice.disable.misplaced.annotation.check" value="true"/>
    <property name="path.separator" value=";"/>
    <property name="java.vm.name" value="Java HotSpot(TM) 64-Bit Server VM"/>
    <property name="sun.os.patch.level" value=""/>
    <property name="user.script" value=""/>
    <property name="user.country" value="CN"/>
    <property name="sun.java.launcher" value="SUN_STANDARD"/>
    <property name="java.vm.specification.name" value="Java Virtual Machine Specification"/>
    <property name="user.dir" value="D:\eclipse-MavenProjects\VIP1905JavaMavenTest"/>
    <property name="java.vm.compressedOopsMode" value="32-bit"/>
    <property name="java.runtime.version" value="12.0.1+12"/>
    <property name="java.awt.graphicsenv" value="sun.awt.Win32GraphicsEnvironment"/>
    <property name="os.arch" value="amd64"/>
    <property name="java.io.tmpdir" value="C:\Users\19028\AppData\Local\Temp\"/>
    <property name="line.separator" value="&#10;"/>
    <property name="java.vm.specification.vendor" value="Oracle Corporation"/>
    <property name="user.variant" value=""/>
    <property name="os.name" value="Windows 10"/>
    <property name="classworlds.conf" value="D:\eclipse-workspace\.metadata\.plugins\org.eclipse.m2e.launching\launches\m2conf5512008281606829246.tmp"/>
    <property name="sun.jnu.encoding" value="GBK"/>
    <property name="java.library.path" value="D:\Java\jdk-12.0.1\bin;C:\WINDOWS\Sun\Java\bin;C:\WINDOWS\system32;C:\WINDOWS;D:/Java/jdk-12.0.1/bin/server;D:/Java/jdk-12.0.1/bin;C:\Program Files (x86)\Intel\Intel(R) Management Engine Components\iCLS\;C:\Program Files\Intel\Intel(R) Management Engine Components\iCLS\;C:\Windows\system32;C:\Windows;C:\Windows\System32\Wbem;C:\Windows\System32\WindowsPowerShell\v1.0\;C:\Windows\System32\OpenSSH\;C:\Program Files (x86)\NVIDIA Corporation\PhysX\Common;C:\Program Files (x86)\Intel\Intel(R) Management Engine Components\DAL;C:\Program Files\Intel\Intel(R) Management Engine Components\DAL;C:\Program Files (x86)\Intel\Intel(R) Management Engine Components\IPT;C:\Program Files\Intel\Intel(R) Management Engine Components\IPT;C:\Program Files\Intel\WiFi\bin\;C:\Program Files\Common Files\Intel\WirelessCommon\;C:\WINDOWS\system32;C:\WINDOWS;C:\WINDOWS\System32\Wbem;C:\WINDOWS\System32\WindowsPowerShell\v1.0\;C:\WINDOWS\System32\OpenSSH\;D:\Java\jdk-12.0.1\bin;D:\Java\jdk-12.0.1\jre\bin;D:\Python\Python37-32;D:\Program Files\PuTTY\;D:\apache-maven-3.6.2\bin;D:\Program Files\Git\cmd;C:\Users\19028\AppData\Local\Microsoft\WindowsApps;;D:\Program Files (x86)\Fiddler;D:\eclipse;;."/>
    <property name="jdk.debug" value="release"/>
    <property name="java.class.version" value="56.0"/>
    <property name="java.specification.name" value="Java Platform API Specification"/>
    <property name="sun.management.compiler" value="HotSpot 64-Bit Tiered Compilers"/>
    <property name="os.version" value="10.0"/>
    <property name="user.home" value="C:\Users\19028"/>
    <property name="user.timezone" value="Asia/Shanghai"/>
    <property name="file.encoding" value="UTF-8"/>
    <property name="java.specification.version" value="12"/>
    <property name="user.name" value="19028"/>
    <property name="java.class.path" value="D:\apache-maven-3.6.2\boot\plexus-classworlds-2.6.0.jar"/>
    <property name="java.vm.specification.version" value="12"/>
    <property name="sun.arch.data.model" value="64"/>
    <property name="sun.java.command" value="org.codehaus.plexus.classworlds.launcher.Launcher -B test"/>
    <property name="java.home" value="D:\Java\jdk-12.0.1"/>
    <property name="user.language" value="zh"/>
    <property name="java.specification.vendor" value="Oracle Corporation"/>
    <property name="awt.toolkit" value="sun.awt.windows.WToolkit"/>
    <property name="java.vm.info" value="mixed mode, sharing"/>
    <property name="java.version" value="12.0.1"/>
    <property name="java.vendor" value="Oracle Corporation"/>
    <property name="maven.home" value="D:\apache-maven-3.6.2"/>
    <property name="file.separator" value="\"/>
    <property name="java.version.date" value="2019-04-16"/>
    <property name="java.vendor.url.bug" value="https://bugreport.java.com/bugreport/"/>
    <property name="sun.io.unicode.encoding" value="UnicodeLittle"/>
    <property name="sun.cpu.endian" value="little"/>
    <property name="sun.desktop" value="windows"/>
    <property name="sun.cpu.isalist" value="amd64"/>
  </properties>
  <testcase name="testSum[测试Plus_DoubleSum_左边界-1测试]" classname="com.test.class12.VIP1905JavaMavenTest.Plus_sumDoubleTest" time="0.007">
    <failure message="数据相加测试 expected:&lt;-2147483648&gt; but was:&lt;-2.147483648E9&gt;" type="java.lang.AssertionError"><![CDATA[java.lang.AssertionError: 数据相加测试 expected:<-2147483648> but was:<-2.147483648E9>
	at com.test.class12.VIP1905JavaMavenTest.Plus_sumDoubleTest.testSum(Plus_sumDoubleTest.java:64)
]]></failure>
    <system-out><![CDATA[-----------------------------------被测类实例化成功-----------------------------------
-----------------------------------TestStarting-----------------------------------
-2.147483648E9
-----------------------------------TestEnding-------------------------------------
]]></system-out>
  </testcase>
  <testcase name="testSum[测试Plus_DoubleSum_左边界+0测试]" classname="com.test.class12.VIP1905JavaMavenTest.Plus_sumDoubleTest" time="0.001">
    <failure message="数据相加测试 expected:&lt;-2147483648&gt; but was:&lt;-2.147483648E9&gt;" type="java.lang.AssertionError"><![CDATA[java.lang.AssertionError: 数据相加测试 expected:<-2147483648> but was:<-2.147483648E9>
	at com.test.class12.VIP1905JavaMavenTest.Plus_sumDoubleTest.testSum(Plus_sumDoubleTest.java:64)
]]></failure>
    <system-out><![CDATA[-----------------------------------TestStarting-----------------------------------
-2.147483648E9
-----------------------------------TestEnding-------------------------------------
]]></system-out>
  </testcase>
  <testcase name="testSum[测试Plus_DoubleSum_左边界+1测试]" classname="com.test.class12.VIP1905JavaMavenTest.Plus_sumDoubleTest" time="0.001">
    <failure message="数据相加测试 expected:&lt;-2147483647&gt; but was:&lt;-2.147483647E9&gt;" type="java.lang.AssertionError"><![CDATA[java.lang.AssertionError: 数据相加测试 expected:<-2147483647> but was:<-2.147483647E9>
	at com.test.class12.VIP1905JavaMavenTest.Plus_sumDoubleTest.testSum(Plus_sumDoubleTest.java:64)
]]></failure>
    <system-out><![CDATA[-----------------------------------TestStarting-----------------------------------
-2.147483647E9
-----------------------------------TestEnding-------------------------------------
]]></system-out>
  </testcase>
  <testcase name="testSum[测试Plus_DoubleSum_正常值-2测试]" classname="com.test.class12.VIP1905JavaMavenTest.Plus_sumDoubleTest" time="0.001">
    <failure message="数据相加测试 expected:&lt;-2&gt; but was:&lt;-2.0&gt;" type="java.lang.AssertionError"><![CDATA[java.lang.AssertionError: 数据相加测试 expected:<-2> but was:<-2.0>
	at com.test.class12.VIP1905JavaMavenTest.Plus_sumDoubleTest.testSum(Plus_sumDoubleTest.java:64)
]]></failure>
    <system-out><![CDATA[-----------------------------------TestStarting-----------------------------------
-2.0
-----------------------------------TestEnding-------------------------------------
]]></system-out>
  </testcase>
  <testcase name="testSum[测试Plus_DoubleSum_均为值0测试]" classname="com.test.class12.VIP1905JavaMavenTest.Plus_sumDoubleTest" time="0.003">
    <failure message="数据相加测试 expected:&lt;0&gt; but was:&lt;0.0&gt;" type="java.lang.AssertionError"><![CDATA[java.lang.AssertionError: 数据相加测试 expected:<0> but was:<0.0>
	at com.test.class12.VIP1905JavaMavenTest.Plus_sumDoubleTest.testSum(Plus_sumDoubleTest.java:64)
]]></failure>
    <system-out><![CDATA[-----------------------------------TestStarting-----------------------------------
0.0
-----------------------------------TestEnding-------------------------------------
]]></system-out>
  </testcase>
  <testcase name="testSum[测试Plus_DoubleSum_均为空值null测试]" classname="com.test.class12.VIP1905JavaMavenTest.Plus_sumDoubleTest" time="0.002">
    <error message="wrong number of arguments" type="java.lang.IllegalArgumentException">java.lang.IllegalArgumentException: wrong number of arguments
</error>
  </testcase>
</testsuite>